
=== Tue Dec 18 12:53:50 2018

Packages were changed.
Update Mode: updateDependencies

The following packages were added:
  com.unity.collab-proxy@1.2.9
  com.unity.timeline@0.0.0-builtin
  com.unity.xr.legacyinputhelpers@1.0.0
The following packages were updated:
  com.unity.analytics from version 2.0.16 to 3.2.2
  com.unity.package-manager-ui from version 1.9.11 to 0.0.0-builtin
  com.unity.textmeshpro from version 1.2.4 to 1.3.0

=== Sun Oct  6 14:03:52 2019

Packages were changed.
Update Mode: updateDependencies

The following packages were added:
  com.unity.2d.tilemap@1.0.0
  com.unity.test-framework@1.1.2
  com.unity.2d.sprite@1.0.0
  com.unity.ide.vscode@1.1.2
  com.unity.ide.rider@1.1.0
  com.unity.ugui@1.0.0
  com.unity.modules.androidjni@1.0.0
The following packages were updated:
  com.unity.analytics from version 3.2.2 to 3.3.2
  com.unity.burst from version 0.2.4-preview.37 to 1.1.2
  com.unity.collab-proxy from version 1.2.9 to 1.2.16
  com.unity.mathematics from version 0.0.12-preview.19 to 1.1.0
  com.unity.purchasing from version 2.0.3 to 2.0.6
  com.unity.textmeshpro from version 1.3.0 to 2.0.1
  com.unity.timeline from version 0.0.0-builtin to 1.2.2
  com.unity.xr.legacyinputhelpers from version 1.0.0 to 1.3.7
The following packages were removed:
  com.unity.package-manager-ui@0.0.0-builtin
